<?xml version="1.0" encoding="utf-8"?>
<UpgradeLog>
    <Settings>
        <Setting
            Name = "ログ ファイル (/LogFile)"
            Value = "NC2HPGL.log"
        />
        <Setting
            Name = "クラス用に生成されたインターフェイス (/GenerateInterfaces)"
            Value = "FALSE"
        />
        <Setting
            Name = "プロジェクト名"
            Value = "NC2HPGL"
        />
        <Setting
            Name = "プロジェクト出力"
            Value = "NC2HPGL.vbproj"
        />
        <Setting
            Name = "ターゲット ディレクトリ (/Out) "
            Value = "C:\Documents and Settings\eiji\デスクトップ\VB_SRC\NC2HPGL\NC2HPGL.NET"
        />
        <Setting
            Name = "プロジェクト パス"
            Value = "C:\Documents and Settings\eiji\デスクトップ\VB_SRC\NC2HPGL\NC2HPGL.vbp"
        />
        <Setting
            Name = "アップグレードされたファイルの種類"
            Value = "0"
        />
    </Settings>
    <File
        OldPath = "C:\Documents and Settings\eiji\デスクトップ\VB_SRC\NC2HPGL\Main.frm"
        NewPath = "C:\Documents and Settings\eiji\デスクトップ\VB_SRC\NC2HPGL\NC2HPGL.NET\Main.vb"
        FileType = "Form"
        Upgraded = "True"
    >
        <Section Name = "Form_Load" >
            <Issue
                Type = "Runtime"
                Number = "1041"
                PME = "Dir"
            >Dir に新しい動作が指定されています。</Issue>
            <Issue
                Type = "Runtime"
                Number = "1041"
            >Get は、FileGet にアップグレードされ、新しい動作が指定されました。</Issue>
            <Issue
                Type = "Compile"
                Number = "2070"
                ObjectName = "VbStrConv"
                ObjectType = "VbStrConv"
                PME = "vbUnicode"
            >定数 vbUnicode はアップグレードされませんでした。</Issue>
        </Section>
    </File>
    <File
        OldPath = "C:\Documents and Settings\eiji\デスクトップ\VB_SRC\NC2HPGL\ManiModule.bas"
        NewPath = "C:\Documents and Settings\eiji\デスクトップ\VB_SRC\NC2HPGL\NC2HPGL.NET\ManiModule.vb"
        FileType = "Module"
        Upgraded = "True"
    >
        <Section Name = "Main" >
            <Issue
                Type = "Compile"
                Number = "1039"
                PME = "Load"
            >Load ステートメント はサポートされていません。</Issue>
        </Section>
        <Section Name = "(Declarations)" >
            <Issue
                Type = "Runtime"
                Number = "1047"
            >Sub Main() が完了したときにアプリケーションは終了します。</Issue>
        </Section>
    </File>
    <File
        OldPath = "C:\Documents and Settings\eiji\デスクトップ\VB_SRC\NC2HPGL\WaitProg.bas"
        NewPath = "C:\Documents and Settings\eiji\デスクトップ\VB_SRC\NC2HPGL\NC2HPGL.NET\WaitProg.vb"
        FileType = "Module"
        Upgraded = "True"
    />
    <File
        OldPath = "C:\Documents and Settings\eiji\デスクトップ\VB_SRC\NC2HPGL\Printer.bas"
        NewPath = "C:\Documents and Settings\eiji\デスクトップ\VB_SRC\NC2HPGL\NC2HPGL.NET\Printer.vb"
        FileType = "Module"
        Upgraded = "True"
    >
        <Section Name = "StartDocPrinter" >
            <Issue
                Type = "Runtime"
                Number = "1050"
            >構造体 DOCINFO に、この Declare ステートメントの引数としてマーシャリング属性を渡す必要があります。</Issue>
        </Section>
        <Section Name = "WritePrinter" >
            <Issue
                Type = "Compile"
                Number = "1016"
            >パラメータ 'As Any' の宣言はサポートされません。</Issue>
        </Section>
    </File>
    <File
        OldPath = "C:\Documents and Settings\eiji\デスクトップ\VB_SRC\NC2HPGL\frmSetting.frm"
        NewPath = "C:\Documents and Settings\eiji\デスクトップ\VB_SRC\NC2HPGL\NC2HPGL.NET\frmSetting.vb"
        FileType = "Form"
        Upgraded = "True"
    >
        <Section Name = "Form_Load" >
            <Issue
                Type = "Compile"
                Number = "2068"
            >Printer オブジェクト はアップグレードされませんでした。</Issue>
            <Issue
                Type = "Compile"
                Number = "2068"
                PME = "Printers"
            >Printers コレクション はアップグレードされませんでした。</Issue>
            <Issue
                Type = "Compile"
                Number = "2069"
                ObjectName = "objPrn"
                ObjectType = "Printer"
                PME = "DeviceName"
            >Printer プロパティ objPrn.DeviceName はアップグレードされませんでした。</Issue>
        </Section>
    </File>
</UpgradeLog>

